# JRE version: OpenJDK Runtime Environment (17.0.10) (build 17.0.10+0--11609105)
# Java VM: OpenJDK 64-Bit Server VM (17.0.10+0--11609105, mixed mode, tiered, compressed oops, compressed class ptrs, g1 gc, windows-amd64)
GC Precious Log:
 CPUs: 12 total, 12 available
 Memory: 15771M
 Large Page Support: Disabled
 NUMA Support: Disabled
 Compressed Oops: Enabled (Zero based)
 Heap Region Size: 2M
 Heap Min Capacity: 8M
 Heap Initial Capacity: 248M
 Heap Max Capacity: 4G
 Pre-touch: Disabled
 Parallel Workers: 10
 Concurrent Workers: 3
 Concurrent Refinement Workers: 10
 Periodic GC: Disabled
Heap:
 garbage-first heap   total 737280K, used 431710K [0x0000000700000000, 0x0000000800000000)
  region size 2048K, 124 young (253952K), 2 survivors (4096K)
 Metaspace       used 177194K, committed 178816K, reserved 1245184K
  class space    used 23228K, committed 23936K, reserved 1048576K
GC Heap History (20 events):
Event: 597.491 GC heap before
{Heap before GC invocations=103 (full 0):
 garbage-first heap   total 1714176K, used 444381K [0x0000000700000000, 0x0000000800000000)
  region size 2048K, 41 young (83968K), 7 survivors (14336K)
 Metaspace       used 160209K, committed 161472K, reserved 1245184K
  class space    used 21036K, committed 21632K, reserved 1048576K
}
Event: 597.503 GC heap after
{Heap after GC invocations=104 (full 0):
 garbage-first heap   total 1714176K, used 336702K [0x0000000700000000, 0x0000000800000000)
  region size 2048K, 1 young (2048K), 1 survivors (2048K)
 Metaspace       used 160209K, committed 161472K, reserved 1245184K
  class space    used 21036K, committed 21632K, reserved 1048576K
}
Event: 599.759 GC heap before
{Heap before GC invocations=104 (full 0):
 garbage-first heap   total 1714176K, used 842558K [0x0000000700000000, 0x0000000800000000)
  region size 2048K, 249 young (509952K), 1 survivors (2048K)
 Metaspace       used 160250K, committed 161536K, reserved 1245184K
  class space    used 21040K, committed 21632K, reserved 1048576K
}
Event: 599.768 GC heap after
{Heap after GC invocations=105 (full 0):
 garbage-first heap   total 1714176K, used 343822K [0x0000000700000000, 0x0000000800000000)
  region size 2048K, 5 young (10240K), 5 survivors (10240K)
 Metaspace       used 160250K, committed 161536K, reserved 1245184K
  class space    used 21040K, committed 21632K, reserved 1048576K
}
Event: 604.400 GC heap before
{Heap before GC invocations=106 (full 0):
 garbage-first heap   total 1208320K, used 1175310K [0x0000000700000000, 0x0000000800000000)
  region size 2048K, 379 young (776192K), 5 survivors (10240K)
 Metaspace       used 169073K, committed 170368K, reserved 1245184K
  class space    used 22099K, committed 22720K, reserved 1048576K
}
Event: 604.411 GC heap after
{Heap after GC invocations=107 (full 0):
 garbage-first heap   total 1208320K, used 349935K [0x0000000700000000, 0x0000000800000000)
  region size 2048K, 11 young (22528K), 11 survivors (22528K)
 Metaspace       used 169073K, committed 170368K, reserved 1245184K
  class space    used 22099K, committed 22720K, reserved 1048576K
}
Event: 628.960 GC heap before
{Heap before GC invocations=107 (full 0):
 garbage-first heap   total 1208320K, used 386799K [0x0000000700000000, 0x0000000800000000)
  region size 2048K, 29 young (59392K), 11 survivors (22528K)
 Metaspace       used 169114K, committed 170432K, reserved 1245184K
  class space    used 22099K, committed 22720K, reserved 1048576K
}
Event: 628.972 GC heap after
{Heap after GC invocations=108 (full 0):
 garbage-first heap   total 1208320K, used 248936K [0x0000000700000000, 0x0000000800000000)
  region size 2048K, 2 young (4096K), 2 survivors (4096K)
 Metaspace       used 169114K, committed 170432K, reserved 1245184K
  class space    used 22099K, committed 22720K, reserved 1048576K
}
Event: 675.220 GC heap before
{Heap before GC invocations=108 (full 0):
 garbage-first heap   total 1208320K, used 328808K [0x0000000700000000, 0x0000000800000000)
  region size 2048K, 42 young (86016K), 2 survivors (4096K)
 Metaspace       used 169122K, committed 170496K, reserved 1245184K
  class space    used 22099K, committed 22720K, reserved 1048576K
}
Event: 675.222 GC heap after
{Heap after GC invocations=109 (full 0):
 garbage-first heap   total 1208320K, used 246754K [0x0000000700000000, 0x0000000800000000)
  region size 2048K, 1 young (2048K), 1 survivors (2048K)
 Metaspace       used 169122K, committed 170496K, reserved 1245184K
  class space    used 22099K, committed 22720K, reserved 1048576K
}
Event: 676.695 GC heap before
{Heap before GC invocations=110 (full 0):
 garbage-first heap   total 894976K, used 869346K [0x0000000700000000, 0x0000000800000000)
  region size 2048K, 308 young (630784K), 1 survivors (2048K)
 Metaspace       used 169125K, committed 170496K, reserved 1245184K
  class space    used 22098K, committed 22720K, reserved 1048576K
}
Event: 676.697 GC heap after
{Heap after GC invocations=111 (full 0):
 garbage-first heap   total 894976K, used 238376K [0x0000000700000000, 0x0000000800000000)
  region size 2048K, 1 young (2048K), 1 survivors (2048K)
 Metaspace       used 169125K, committed 170496K, reserved 1245184K
  class space    used 22098K, committed 22720K, reserved 1048576K
}
Event: 676.803 GC heap before
{Heap before GC invocations=111 (full 0):
 garbage-first heap   total 894976K, used 279336K [0x0000000700000000, 0x0000000800000000)
  region size 2048K, 21 young (43008K), 1 survivors (2048K)
 Metaspace       used 169125K, committed 170496K, reserved 1245184K
  class space    used 22098K, committed 22720K, reserved 1048576K
}
Event: 676.806 GC heap after
{Heap after GC invocations=112 (full 0):
 garbage-first heap   total 894976K, used 189439K [0x0000000700000000, 0x0000000800000000)
  region size 2048K, 1 young (2048K), 1 survivors (2048K)
 Metaspace       used 169125K, committed 170496K, reserved 1245184K
  class space    used 22098K, committed 22720K, reserved 1048576K
}
Event: 677.796 GC heap before
{Heap before GC invocations=112 (full 0):
 garbage-first heap   total 894976K, used 467967K [0x0000000700000000, 0x0000000800000000)
  region size 2048K, 139 young (284672K), 1 survivors (2048K)
 Metaspace       used 172222K, committed 173504K, reserved 1245184K
  class space    used 22533K, committed 23104K, reserved 1048576K
}
Event: 677.801 GC heap after
{Heap after GC invocations=113 (full 0):
 garbage-first heap   total 894976K, used 193060K [0x0000000700000000, 0x0000000800000000)
  region size 2048K, 3 young (6144K), 3 survivors (6144K)
 Metaspace       used 172222K, committed 173504K, reserved 1245184K
  class space    used 22533K, committed 23104K, reserved 1048576K
}
Event: 685.396 GC heap before
{Heap before GC invocations=114 (full 0):
 garbage-first heap   total 737280K, used 719396K [0x0000000700000000, 0x0000000800000000)
  region size 2048K, 151 young (309248K), 3 survivors (6144K)
 Metaspace       used 175585K, committed 177024K, reserved 1245184K
  class space    used 23026K, committed 23680K, reserved 1048576K
}
Event: 685.401 GC heap after
{Heap after GC invocations=115 (full 0):
 garbage-first heap   total 737280K, used 333556K [0x0000000700000000, 0x0000000800000000)
  region size 2048K, 5 young (10240K), 5 survivors (10240K)
 Metaspace       used 175585K, committed 177024K, reserved 1245184K
  class space    used 23026K, committed 23680K, reserved 1048576K
}
Event: 743.632 GC heap before
{Heap before GC invocations=115 (full 0):
 garbage-first heap   total 737280K, used 446196K [0x0000000700000000, 0x0000000800000000)
  region size 2048K, 18 young (36864K), 5 survivors (10240K)
 Metaspace       used 176021K, committed 177472K, reserved 1245184K
  class space    used 23099K, committed 23744K, reserved 1048576K
}
Event: 743.638 GC heap after
{Heap after GC invocations=116 (full 0):
 garbage-first heap   total 737280K, used 185950K [0x0000000700000000, 0x0000000800000000)
  region size 2048K, 2 young (4096K), 2 survivors (4096K)
 Metaspace       used 176021K, committed 177472K, reserved 1245184K
  class space    used 23099K, committed 23744K, reserved 1048576K
}

